<?xml version="1.0" encoding="UTF-8"?>
<!-- Generated by org.testng.reporters.JUnitReportReporter -->
<testsuite hostname="DESKTOP-UJVGR8E" name="testscrips.CompareTemparature" tests="1" failures="0" timestamp="14 Dec 2021 21:08:37 GMT" time="1.712" errors="0">
  <testcase name="CompareTemparature" time="1.712" classname="testscrips.CompareTemparature"/>
</testsuite> <!-- testscrips.CompareTemparature -->
